<?xml version="1.0" encoding="UTF-8"?>
<!-- Generated by org.testng.reporters.JUnitReportReporter -->
<testsuite skipped="0" hostname="01HW1055711" name="testing8.FormTest" tests="1" failures="0" timestamp="27 Dec 2017 06:46:11 GMT" time="68.462" errors="0">
  <testcase name="formtest" time="68.462" classname="testing8.FormTest"/>
</testsuite> <!-- testing8.FormTest -->
