<?xml version="1.0" encoding="UTF-8"?>
<!-- Generated by org.testng.reporters.JUnitReportReporter -->
<testsuite skipped="0" hostname="01HW1055711" name="testing8.HomeTest" tests="2" failures="0" timestamp="13 Dec 2017 07:23:42 GMT" time="92.519" errors="0">
  <testcase name="test3" time="56.432" classname="testing8.HomeTest"/>
  <testcase name="GotoHomePage" time="36.087" classname="testing8.HomeTest"/>
</testsuite> <!-- testing8.HomeTest -->
