<?xml version="1.0" encoding="UTF-8"?>
<!-- Generated by org.testng.reporters.JUnitReportReporter -->
<testsuite skipped="0" hostname="01HW1055711" name="testing8.CucumberTest" tests="1" failures="0" timestamp="27 Dec 2017 10:20:27 GMT" time="55.182" errors="0">
  <testcase name="goTosubcategory" time="55.182" classname="testing8.CucumberTest"/>
</testsuite> <!-- testing8.CucumberTest -->
