<?xml version="1.0" encoding="UTF-8"?>
<!-- Generated by org.testng.reporters.JUnitReportReporter -->
<testsuite skipped="0" hostname="01HW1055711" name="testing8.FormTest" tests="1" failures="0" timestamp="13 Dec 2017 07:14:32 GMT" time="118.172" errors="0">
  <testcase name="formtest" time="118.172" classname="testing8.FormTest"/>
</testsuite> <!-- testing8.FormTest -->
