<?xml version="1.0" encoding="UTF-8"?>
<!-- Generated by org.testng.reporters.JUnitReportReporter -->
<testsuite skipped="0" hostname="01HW1055711" name="testing8.HomeTest" tests="2" failures="0" timestamp="20 Dec 2017 10:00:30 GMT" time="119.509" errors="0">
  <testcase name="test3" time="72.355" classname="testing8.HomeTest"/>
  <testcase name="GotoHomePage" time="47.154" classname="testing8.HomeTest"/>
</testsuite> <!-- testing8.HomeTest -->
